<?xml version="1.0" encoding="UTF-8"?>
<!-- Generated by org.testng.reporters.JUnitXMLReporter -->
<testsuite ignored="0" hostname="Manohar-Zade" failures="0" tests="4" name="Default test" time="253.516" errors="0" timestamp="2024-07-06T17:22:58 IST">
  <testcase classname="QAWingify.OTTPlay" name="LoginWithValidCredentials" time="17.413"/>
  <testcase classname="QAWingify.OTTPlay" name="LoginWithBlankUsername" time="8.906"/>
  <testcase classname="QAWingify.OTTPlay" name="LoginWithBlankPassowrd" time="8.522"/>
  <testcase classname="QAWingify.OTTPlay" name="LoginWithBlankCredentials" time="8.561"/>
</testsuite> <!-- Default test -->
