<?xml version="1.0" encoding="UTF-8"?>
<!-- Generated by org.testng.reporters.JUnitXMLReporter -->
<testsuite ignored="1" hostname="Manohar-Zade" failures="0" tests="6" name="Test" time="0.13" errors="0" timestamp="2023-12-30T12:04:01 IST">
  <testcase classname="Script_TestNG.GroupTestCase" name="TestCase1" time="0.02"/>
  <testcase classname="Script_TestNG.GroupTestCase" name="TestCase2" time="0.005"/>
  <testcase classname="Script_TestNG.GroupTestCase" name="TestCase3" time="0.002"/>
  <testcase classname="Script_TestNG.GroupTestCase" name="TestCase4" time="0.004"/>
  <testcase classname="Script_TestNG.GroupTestCase" name="TestCase5" time="0.005"/>
  <testcase classname="Script_TestNG.GroupTestCase" name="TestCase7" time="0.003"/>
  <testcase classname="Script_TestNG.GroupTestCase" name="TestCase6" time="0.0">
    <ignored/>
  </testcase> <!-- TestCase6 -->
</testsuite> <!-- Test -->
